[2025-03-20T02:22:24.657+0000] {local_task_job_runner.py:123} INFO - ::group::Pre task execution logs
[2025-03-20T02:22:24.674+0000] {taskinstance.py:2613} INFO - Dependencies all met for dep_context=non-requeueable deps ti=<TaskInstance: dag_etl_mistralAi.run_notebook manual__2025-03-20T02:22:14.909975+00:00 [queued]>
[2025-03-20T02:22:24.686+0000] {taskinstance.py:2613} INFO - Dependencies all met for dep_context=requeueable deps ti=<TaskInstance: dag_etl_mistralAi.run_notebook manual__2025-03-20T02:22:14.909975+00:00 [queued]>
[2025-03-20T02:22:24.687+0000] {taskinstance.py:2866} INFO - Starting attempt 1 of 1
[2025-03-20T02:22:24.704+0000] {taskinstance.py:2889} INFO - Executing <Task(DatabricksRunNowOperator): run_notebook> on 2025-03-20 02:22:14.909975+00:00
[2025-03-20T02:22:24.715+0000] {warnings.py:112} WARNING - /home/***/.local/lib/python3.12/site-packages/***/task/task_runner/standard_task_runner.py:70: DeprecationWarning: This process (pid=751) is multi-threaded, use of fork() may lead to deadlocks in the child.
  pid = os.fork()

[2025-03-20T02:22:24.717+0000] {standard_task_runner.py:72} INFO - Started process 753 to run task
[2025-03-20T02:22:24.717+0000] {standard_task_runner.py:104} INFO - Running: ['***', 'tasks', 'run', 'dag_etl_mistralAi', 'run_notebook', 'manual__2025-03-20T02:22:14.909975+00:00', '--job-id', '21', '--raw', '--subdir', 'DAGS_FOLDER/dag_etl_mistralai.py', '--cfg-path', '/tmp/tmpf926jzeg']
[2025-03-20T02:22:24.718+0000] {standard_task_runner.py:105} INFO - Job 21: Subtask run_notebook
[2025-03-20T02:22:24.770+0000] {task_command.py:467} INFO - Running <TaskInstance: dag_etl_mistralAi.run_notebook manual__2025-03-20T02:22:14.909975+00:00 [running]> on host 0767c9e71a25
[2025-03-20T02:22:24.888+0000] {taskinstance.py:3132} INFO - Exporting env vars: AIRFLOW_CTX_DAG_OWNER='***' AIRFLOW_CTX_DAG_ID='dag_etl_mistralAi' AIRFLOW_CTX_TASK_ID='run_notebook' AIRFLOW_CTX_EXECUTION_DATE='2025-03-20T02:22:14.909975+00:00' AIRFLOW_CTX_TRY_NUMBER='1' AIRFLOW_CTX_DAG_RUN_ID='manual__2025-03-20T02:22:14.909975+00:00'
[2025-03-20T02:22:24.890+0000] {taskinstance.py:731} INFO - ::endgroup::
[2025-03-20T02:22:24.922+0000] {base.py:84} INFO - Retrieving connection 'databricks_default'
[2025-03-20T02:22:24.924+0000] {databricks_base.py:554} INFO - Using token auth. For security reasons, please set token in Password field instead of extra
[2025-03-20T02:22:26.260+0000] {databricks.py:72} INFO - Run submitted with run_id: 908013810628060
[2025-03-20T02:22:26.262+0000] {databricks_base.py:554} INFO - Using token auth. For security reasons, please set token in Password field instead of extra
[2025-03-20T02:22:26.986+0000] {databricks_base.py:554} INFO - Using token auth. For security reasons, please set token in Password field instead of extra
[2025-03-20T02:22:27.665+0000] {databricks.py:134} INFO - run_notebook in run state: {'life_cycle_state': 'RUNNING', 'result_state': '', 'state_message': ''}
[2025-03-20T02:22:27.666+0000] {databricks.py:135} INFO - View run status, Spark UI, and logs at https://adb-2586117201484423.3.azuredatabricks.net/?o=2586117201484423#job/619557985935110/run/908013810628060
[2025-03-20T02:22:27.666+0000] {databricks.py:136} INFO - Sleeping for 30 seconds.
[2025-03-20T02:22:57.685+0000] {databricks_base.py:554} INFO - Using token auth. For security reasons, please set token in Password field instead of extra
[2025-03-20T02:22:58.286+0000] {databricks.py:83} INFO - run_notebook completed successfully.
[2025-03-20T02:22:58.288+0000] {databricks.py:84} INFO - View run status, Spark UI, and logs at https://adb-2586117201484423.3.azuredatabricks.net/?o=2586117201484423#job/619557985935110/run/908013810628060
[2025-03-20T02:22:58.362+0000] {taskinstance.py:340} INFO - ::group::Post task execution logs
[2025-03-20T02:22:58.365+0000] {taskinstance.py:352} INFO - Marking task as SUCCESS. dag_id=dag_etl_mistralAi, task_id=run_notebook, run_id=manual__2025-03-20T02:22:14.909975+00:00, execution_date=20250320T022214, start_date=20250320T022224, end_date=20250320T022258
[2025-03-20T02:22:58.447+0000] {local_task_job_runner.py:266} INFO - Task exited with return code 0
[2025-03-20T02:22:58.480+0000] {taskinstance.py:3895} INFO - 0 downstream tasks scheduled from follow-on schedule check
[2025-03-20T02:22:58.485+0000] {local_task_job_runner.py:245} INFO - ::endgroup::
