[2025-03-20T06:08:12.179+0000] {local_task_job_runner.py:123} INFO - ::group::Pre task execution logs
[2025-03-20T06:08:12.193+0000] {taskinstance.py:2613} INFO - Dependencies all met for dep_context=non-requeueable deps ti=<TaskInstance: dag_etl_docling.trigger_github_workflow manual__2025-03-20T06:08:11.307090+00:00 [queued]>
[2025-03-20T06:08:12.201+0000] {taskinstance.py:2613} INFO - Dependencies all met for dep_context=requeueable deps ti=<TaskInstance: dag_etl_docling.trigger_github_workflow manual__2025-03-20T06:08:11.307090+00:00 [queued]>
[2025-03-20T06:08:12.202+0000] {taskinstance.py:2866} INFO - Starting attempt 1 of 1
[2025-03-20T06:08:12.220+0000] {taskinstance.py:2889} INFO - Executing <Task(BashOperator): trigger_github_workflow> on 2025-03-20 06:08:11.307090+00:00
[2025-03-20T06:08:12.227+0000] {warnings.py:112} WARNING - /home/***/.local/lib/python3.12/site-packages/***/task/task_runner/standard_task_runner.py:70: DeprecationWarning: This process (pid=153) is multi-threaded, use of fork() may lead to deadlocks in the child.
  pid = os.fork()

[2025-03-20T06:08:12.229+0000] {standard_task_runner.py:72} INFO - Started process 154 to run task
[2025-03-20T06:08:12.229+0000] {standard_task_runner.py:104} INFO - Running: ['***', 'tasks', 'run', 'dag_etl_docling', 'trigger_github_workflow', 'manual__2025-03-20T06:08:11.307090+00:00', '--job-id', '38', '--raw', '--subdir', 'DAGS_FOLDER/dag_etl_docling.py', '--cfg-path', '/tmp/tmpkrxrguqn']
[2025-03-20T06:08:12.230+0000] {standard_task_runner.py:105} INFO - Job 38: Subtask trigger_github_workflow
[2025-03-20T06:08:12.276+0000] {task_command.py:467} INFO - Running <TaskInstance: dag_etl_docling.trigger_github_workflow manual__2025-03-20T06:08:11.307090+00:00 [running]> on host d7eb6e5bc173
[2025-03-20T06:08:12.345+0000] {taskinstance.py:3132} INFO - Exporting env vars: AIRFLOW_CTX_DAG_OWNER='***' AIRFLOW_CTX_DAG_ID='dag_etl_docling' AIRFLOW_CTX_TASK_ID='trigger_github_workflow' AIRFLOW_CTX_EXECUTION_DATE='2025-03-20T06:08:11.307090+00:00' AIRFLOW_CTX_TRY_NUMBER='1' AIRFLOW_CTX_DAG_RUN_ID='manual__2025-03-20T06:08:11.307090+00:00'
[2025-03-20T06:08:12.346+0000] {taskinstance.py:731} INFO - ::endgroup::
[2025-03-20T06:08:12.358+0000] {subprocess.py:78} INFO - Tmp dir root location: /tmp
[2025-03-20T06:08:12.360+0000] {subprocess.py:88} INFO - Running command: ['/usr/bin/bash', '-c', '\n            curl -X POST             -H "Accept: application/vnd.github+json"             -H "Authorization: Bearer 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"             https://api.github.com/repos/bigdata-org/AI_Powered_Information_Retrieval/actions/workflows/etl_docling.yaml/dispatches             -d \'{"ref": "main"}\'\n        ']
[2025-03-20T06:08:12.369+0000] {subprocess.py:99} INFO - Output:
[2025-03-20T06:08:12.390+0000] {subprocess.py:106} INFO -   % Total    % Received % Xferd  Average Speed   Time    Time     Time  Current
[2025-03-20T06:08:12.391+0000] {subprocess.py:106} INFO -                                  Dload  Upload   Total   Spent    Left  Speed
[2025-03-20T06:08:12.792+0000] {subprocess.py:106} INFO -   0     0    0     0    0     0      0      0 --:--:-- --:--:-- --:--:--     0100    15    0     0  100    15      0     37 --:--:-- --:--:-- --:--:--    37
[2025-03-20T06:08:12.795+0000] {subprocess.py:110} INFO - Command exited with return code 0
[2025-03-20T06:08:12.840+0000] {taskinstance.py:340} INFO - ::group::Post task execution logs
[2025-03-20T06:08:12.841+0000] {taskinstance.py:352} INFO - Marking task as SUCCESS. dag_id=dag_etl_docling, task_id=trigger_github_workflow, run_id=manual__2025-03-20T06:08:11.307090+00:00, execution_date=20250320T060811, start_date=20250320T060812, end_date=20250320T060812
[2025-03-20T06:08:12.889+0000] {local_task_job_runner.py:266} INFO - Task exited with return code 0
[2025-03-20T06:08:12.904+0000] {taskinstance.py:3895} INFO - 0 downstream tasks scheduled from follow-on schedule check
[2025-03-20T06:08:12.909+0000] {local_task_job_runner.py:245} INFO - ::endgroup::
