[2025-03-20T08:16:58.854+0000] {local_task_job_runner.py:123} INFO - ::group::Pre task execution logs
[2025-03-20T08:16:58.895+0000] {taskinstance.py:2613} INFO - Dependencies all met for dep_context=non-requeueable deps ti=<TaskInstance: dag_scrape_links.Selenium_scrapper manual__2025-03-20T08:16:49.637299+00:00 [queued]>
[2025-03-20T08:16:58.913+0000] {taskinstance.py:2613} INFO - Dependencies all met for dep_context=requeueable deps ti=<TaskInstance: dag_scrape_links.Selenium_scrapper manual__2025-03-20T08:16:49.637299+00:00 [queued]>
[2025-03-20T08:16:58.914+0000] {taskinstance.py:2866} INFO - Starting attempt 1 of 1
[2025-03-20T08:16:58.939+0000] {taskinstance.py:2889} INFO - Executing <Task(PythonOperator): Selenium_scrapper> on 2025-03-20 08:16:49.637299+00:00
[2025-03-20T08:16:58.956+0000] {standard_task_runner.py:104} INFO - Running: ['***', 'tasks', 'run', 'dag_scrape_links', 'Selenium_scrapper', 'manual__2025-03-20T08:16:49.637299+00:00', '--job-id', '53', '--raw', '--subdir', 'DAGS_FOLDER/dag_scrape_links.py', '--cfg-path', '/tmp/tmp7_scexh7']
[2025-03-20T08:16:58.951+0000] {warnings.py:112} WARNING - /home/***/.local/lib/python3.12/site-packages/***/task/task_runner/standard_task_runner.py:70: DeprecationWarning: This process (pid=145) is multi-threaded, use of fork() may lead to deadlocks in the child.
  pid = os.fork()

[2025-03-20T08:16:58.959+0000] {standard_task_runner.py:105} INFO - Job 53: Subtask Selenium_scrapper
[2025-03-20T08:16:58.960+0000] {standard_task_runner.py:72} INFO - Started process 146 to run task
[2025-03-20T08:16:59.015+0000] {task_command.py:467} INFO - Running <TaskInstance: dag_scrape_links.Selenium_scrapper manual__2025-03-20T08:16:49.637299+00:00 [running]> on host 0a4a52f4b684
[2025-03-20T08:16:59.123+0000] {taskinstance.py:3132} INFO - Exporting env vars: AIRFLOW_CTX_DAG_OWNER='***' AIRFLOW_CTX_DAG_ID='dag_scrape_links' AIRFLOW_CTX_TASK_ID='Selenium_scrapper' AIRFLOW_CTX_EXECUTION_DATE='2025-03-20T08:16:49.637299+00:00' AIRFLOW_CTX_TRY_NUMBER='1' AIRFLOW_CTX_DAG_RUN_ID='manual__2025-03-20T08:16:49.637299+00:00'
[2025-03-20T08:16:59.125+0000] {taskinstance.py:731} INFO - ::endgroup::
[2025-03-20T08:17:20.114+0000] {logging_mixin.py:190} INFO - Warning: Fourth Quarter 2022 panel did not expand, trying again
[2025-03-20T08:17:44.507+0000] {logging_mixin.py:190} INFO - Warning: Fourth Quarter 2021 panel did not expand, trying again
[2025-03-20T08:18:05.198+0000] {logging_mixin.py:190} INFO - Warning: Fourth Quarter 2023 panel did not expand, trying again
[2025-03-20T08:18:25.879+0000] {logging_mixin.py:190} INFO - Warning: Fourth Quarter 2024 panel did not expand, trying again
[2025-03-20T08:18:45.880+0000] {logging_mixin.py:190} INFO - Warning: Fourth Quarter 2025 panel did not expand, trying again
[2025-03-20T08:19:00.183+0000] {python.py:240} INFO - Done. Returned value was: metadata.json file uploaded successfully 
[2025-03-20T08:19:00.752+0000] {taskinstance.py:340} INFO - ::group::Post task execution logs
[2025-03-20T08:19:00.766+0000] {taskinstance.py:352} INFO - Marking task as SUCCESS. dag_id=dag_scrape_links, task_id=Selenium_scrapper, run_id=manual__2025-03-20T08:16:49.637299+00:00, execution_date=20250320T081649, start_date=20250320T081658, end_date=20250320T081900
[2025-03-20T08:19:01.075+0000] {local_task_job_runner.py:266} INFO - Task exited with return code 0
[2025-03-20T08:19:01.248+0000] {taskinstance.py:3895} INFO - 0 downstream tasks scheduled from follow-on schedule check
[2025-03-20T08:19:01.257+0000] {local_task_job_runner.py:245} INFO - ::endgroup::
